\BOOKMARK [1][-]{section.1}{Introduction}{}% 1
\BOOKMARK [1][-]{section.2}{Kernelization}{}% 2
\BOOKMARK [1][-]{section.3}{SplitSolve}{}% 3
\BOOKMARK [1][-]{section.4}{Randomized Algorithm}{}% 4
\BOOKMARK [2][-]{subsection.4.1}{Randomized density algorithm}{section.4}% 5
\BOOKMARK [2][-]{subsection.4.2}{Problems}{section.4}% 6
\BOOKMARK [1][-]{section.5}{Iterative Compression}{}% 7
\BOOKMARK [2][-]{subsection.5.1}{Finding the optimal solution without knowing its size}{section.5}% 8
\BOOKMARK [2][-]{subsection.5.2}{Improvements}{section.5}% 9
\BOOKMARK [2][-]{subsection.5.3}{Future improvements}{section.5}% 10
\BOOKMARK [1][-]{section.6}{Tree width problem}{}% 11
\BOOKMARK [1][-]{section.7}{Comparison}{}% 12
\BOOKMARK [1][-]{section.8}{Conclusion}{}% 13
\BOOKMARK [1][-]{appendix.A}{Experimental results Iterative Compression}{}% 14
\BOOKMARK [1][-]{appendix.B}{Task division}{}% 15
\BOOKMARK [2][-]{subsection.B.1}{Stefan Majoor}{appendix.B}% 16
\BOOKMARK [2][-]{subsection.B.2}{Huib Donkers}{appendix.B}% 17
\BOOKMARK [2][-]{subsection.B.3}{Henk Alkema}{appendix.B}% 18
\BOOKMARK [2][-]{subsection.B.4}{Xi ...}{appendix.B}% 19
\BOOKMARK [2][-]{subsection.B.5}{Leo van Gansewinkel}{appendix.B}% 20
\BOOKMARK [2][-]{subsection.B.6}{Christopher Ankomah}{appendix.B}% 21
